0 verbose cli /usr/local/bin/node /usr/local/bin/npm
1 info using npm@9.2.0
2 info using node@v19.3.0
3 timing npm:load:whichnode Completed in 0ms
4 timing config:load:defaults Completed in 2ms
5 timing config:load:file:/usr/local/lib/node_modules/npm/npmrc Completed in 1ms
6 timing config:load:builtin Completed in 1ms
7 timing config:load:cli Completed in 3ms
8 timing config:load:env Completed in 0ms
9 timing config:load:file:/home/mthan/.cache/typescript/4.9/.npmrc Completed in 0ms
10 timing config:load:project Completed in 5ms
11 timing config:load:file:/home/mthan/.npmrc Completed in 0ms
12 timing config:load:user Completed in 0ms
13 timing config:load:file:/usr/local/etc/npmrc Completed in 0ms
14 timing config:load:global Completed in 1ms
15 timing config:load:setEnvs Completed in 1ms
16 timing config:load Completed in 13ms
17 timing npm:load:configload Completed in 13ms
18 timing npm:load:mkdirpcache Completed in 0ms
19 timing npm:load:mkdirplogs Completed in 1ms
20 verbose title npm install types-registry@latest
21 verbose argv "install" "--ignore-scripts" "types-registry@latest"
22 timing npm:load:setTitle Completed in 1ms
23 timing config:load:flatten Completed in 3ms
24 timing npm:load:display Completed in 4ms
25 verbose logfile logs-max:10 dir:/home/mthan/.npm/_logs/2022-12-15T15_02_34_885Z-
26 verbose logfile /home/mthan/.npm/_logs/2022-12-15T15_02_34_885Z-debug-0.log
27 timing npm:load:logFile Completed in 4ms
28 timing npm:load:timers Completed in 0ms
29 timing npm:load:configScope Completed in 0ms
30 timing npm:load Completed in 23ms
31 silly logfile start cleaning logs, removing 1 files
32 timing config:load:flatten Completed in 0ms
33 timing arborist:ctor Completed in 0ms
34 silly logfile done cleaning log files
35 timing idealTree:init Completed in 54ms
36 timing arborist:ctor Completed in 0ms
37 http fetch GET 200 https://registry.npmjs.org/types-registry 407ms (cache revalidated)
38 timing idealTree:userRequests Completed in 414ms
39 silly idealTree buildDeps
40 silly fetch manifest types-registry@0.1.622
41 silly placeDep ROOT types-registry@0.1.622 REPLACE for:  want: 0.1.622
42 timing idealTree:#root Completed in 3ms
43 timing idealTree:node_modules/types-registry Completed in 0ms
44 timing idealTree:buildDeps Completed in 4ms
45 timing idealTree:fixDepFlags Completed in 0ms
46 timing idealTree Completed in 476ms
47 timing reify:loadTrees Completed in 476ms
48 timing reify:diffTrees Completed in 3ms
49 silly reify moves {}
50 timing reify:retireShallow Completed in 2ms
51 timing reify:createSparse Completed in 0ms
52 timing reify:loadBundles Completed in 0ms
53 silly audit bulk request {
53 silly audit   '@babel/code-frame': [ '7.18.6' ],
53 silly audit   '@babel/helper-validator-identifier': [ '7.19.1' ],
53 silly audit   '@babel/highlight': [ '7.18.6' ],
53 silly audit   'ansi-styles': [ '3.2.1', '4.3.0', '5.2.0' ],
53 silly audit   chalk: [ '2.4.2', '4.1.2' ],
53 silly audit   'color-convert': [ '1.9.3', '2.0.1' ],
53 silly audit   'color-name': [ '1.1.3', '1.1.4' ],
53 silly audit   'escape-string-regexp': [ '1.0.5', '2.0.0' ],
53 silly audit   'has-flag': [ '3.0.0', '4.0.0' ],
53 silly audit   'supports-color': [ '5.5.0', '7.2.0' ],
53 silly audit   '@jest/expect-utils': [ '29.3.1' ],
53 silly audit   '@jest/schemas': [ '29.0.0' ],
53 silly audit   '@jest/types': [ '29.3.1' ],
53 silly audit   '@sinclair/typebox': [ '0.24.51' ],
53 silly audit   '@types/istanbul-lib-coverage': [ '2.0.4' ],
53 silly audit   '@types/istanbul-lib-report': [ '3.0.0' ],
53 silly audit   '@types/istanbul-reports': [ '3.0.1' ],
53 silly audit   '@types/jest': [ '29.2.4' ],
53 silly audit   '@types/node': [ '18.11.15' ],
53 silly audit   '@types/prop-types': [ '15.7.5' ],
53 silly audit   '@types/react': [ '18.0.26' ],
53 silly audit   '@types/react-dom': [ '18.0.9' ],
53 silly audit   '@types/scheduler': [ '0.16.2' ],
53 silly audit   '@types/stack-utils': [ '2.0.1' ],
53 silly audit   '@types/testing-library__jest-dom': [ '5.14.5' ],
53 silly audit   '@types/yargs': [ '17.0.17' ],
53 silly audit   '@types/yargs-parser': [ '21.0.0' ],
53 silly audit   braces: [ '3.0.2' ],
53 silly audit   'ci-info': [ '3.7.0' ],
53 silly audit   csstype: [ '3.1.1' ],
53 silly audit   'diff-sequences': [ '29.3.1' ],
53 silly audit   expect: [ '29.3.1' ],
53 silly audit   'fill-range': [ '7.0.1' ],
53 silly audit   'graceful-fs': [ '4.2.10' ],
53 silly audit   'is-number': [ '7.0.0' ],
53 silly audit   'jest-diff': [ '29.3.1' ],
53 silly audit   'jest-get-type': [ '29.2.0' ],
53 silly audit   'jest-matcher-utils': [ '29.3.1' ],
53 silly audit   'jest-message-util': [ '29.3.1' ],
53 silly audit   'jest-util': [ '29.3.1' ],
53 silly audit   'js-tokens': [ '4.0.0' ],
53 silly audit   micromatch: [ '4.0.5' ],
53 silly audit   picomatch: [ '2.3.1' ],
53 silly audit   'pretty-format': [ '29.3.1' ],
53 silly audit   'react-is': [ '18.2.0' ],
53 silly audit   slash: [ '3.0.0' ],
53 silly audit   'stack-utils': [ '2.0.6' ],
53 silly audit   'to-regex-range': [ '5.0.1' ],
53 silly audit   'types-registry': [ '0.1.622' ]
53 silly audit }
54 timing reify:unpack Completed in 0ms
55 timing reify:unretire Completed in 0ms
56 timing build:queue Completed in 0ms
57 timing build:deps Completed in 0ms
58 timing build Completed in 0ms
59 timing reify:build Completed in 0ms
60 timing reify:trash Completed in 3ms
61 timing reify:save Completed in 9ms
62 http fetch POST 200 https://registry.npmjs.org/-/npm/v1/security/advisories/bulk 138ms
63 timing auditReport:getReport Completed in 141ms
64 silly audit report {}
65 timing auditReport:init Completed in 0ms
66 timing reify:audit Completed in 143ms
67 timing reify Completed in 627ms
68 timing command:install Completed in 633ms
69 verbose exit 0
70 timing npm Completed in 672ms
71 info ok
