0 verbose cli /usr/local/bin/node /usr/local/bin/npm
1 info using npm@9.2.0
2 info using node@v19.3.0
3 timing npm:load:whichnode Completed in 0ms
4 timing config:load:defaults Completed in 1ms
5 timing config:load:file:/usr/local/lib/node_modules/npm/npmrc Completed in 1ms
6 timing config:load:builtin Completed in 1ms
7 timing config:load:cli Completed in 1ms
8 timing config:load:env Completed in 0ms
9 timing config:load:file:/home/mthan/.cache/typescript/4.9/.npmrc Completed in 0ms
10 timing config:load:project Completed in 2ms
11 timing config:load:file:/home/mthan/.npmrc Completed in 0ms
12 timing config:load:user Completed in 0ms
13 timing config:load:file:/usr/local/etc/npmrc Completed in 1ms
14 timing config:load:global Completed in 1ms
15 timing config:load:setEnvs Completed in 0ms
16 timing config:load Completed in 6ms
17 timing npm:load:configload Completed in 6ms
18 timing npm:load:mkdirpcache Completed in 2ms
19 timing npm:load:mkdirplogs Completed in 0ms
20 verbose title npm install @types/testing-library__jest-dom@ts4.9 @types/react@ts4.9 @types/react-dom@ts4.9
21 verbose argv "install" "--ignore-scripts" "@types/testing-library__jest-dom@ts4.9" "@types/react@ts4.9" "@types/react-dom@ts4.9" "--save-dev" "--user-agent" "typesInstaller/4.9.3"
22 timing npm:load:setTitle Completed in 0ms
23 timing config:load:flatten Completed in 2ms
24 timing npm:load:display Completed in 3ms
25 verbose logfile logs-max:10 dir:/home/mthan/.npm/_logs/2022-12-14T20_05_06_357Z-
26 verbose logfile /home/mthan/.npm/_logs/2022-12-14T20_05_06_357Z-debug-0.log
27 timing npm:load:logFile Completed in 2ms
28 timing npm:load:timers Completed in 0ms
29 timing npm:load:configScope Completed in 0ms
30 timing npm:load Completed in 16ms
31 silly logfile start cleaning logs, removing 1 files
32 timing config:load:flatten Completed in 0ms
33 timing arborist:ctor Completed in 1ms
34 silly logfile done cleaning log files
35 timing idealTree:init Completed in 13ms
36 timing arborist:ctor Completed in 1ms
37 http fetch GET 200 https://registry.npmjs.org/@types%2freact-dom 211ms (cache revalidated)
38 http fetch GET 200 https://registry.npmjs.org/@types%2freact 213ms (cache revalidated)
39 http fetch GET 200 https://registry.npmjs.org/@types%2ftesting-library__jest-dom 219ms (cache revalidated)
40 timing idealTree:userRequests Completed in 224ms
41 silly idealTree buildDeps
42 silly fetch manifest @types/react-dom@18.0.9
43 silly fetch manifest @types/react@18.0.26
44 silly fetch manifest @types/testing-library__jest-dom@5.14.5
45 silly placeDep ROOT @types/react@18.0.26 OK for:  want: 18.0.26
46 silly placeDep ROOT @types/react-dom@18.0.9 OK for:  want: 18.0.9
47 silly placeDep ROOT @types/testing-library__jest-dom@5.14.5 OK for:  want: 5.14.5
48 silly fetch manifest @types/prop-types@*
49 silly fetch manifest @types/scheduler@*
50 silly fetch manifest csstype@^3.0.2
51 silly fetch manifest @types/jest@*
52 http fetch GET 200 https://registry.npmjs.org/@types%2fprop-types 65ms (cache revalidated)
53 http fetch GET 200 https://registry.npmjs.org/@types%2fscheduler 100ms (cache revalidated)
54 http fetch GET 200 https://registry.npmjs.org/csstype 103ms (cache revalidated)
55 http fetch GET 200 https://registry.npmjs.org/@types%2fjest 151ms (cache revalidated)
56 timing idealTree:#root Completed in 165ms
57 silly placeDep ROOT @types/prop-types@15.7.5 OK for: @types/react@18.0.26 want: *
58 silly placeDep ROOT @types/scheduler@0.16.2 OK for: @types/react@18.0.26 want: *
59 silly placeDep ROOT csstype@3.1.1 OK for: @types/react@18.0.26 want: ^3.0.2
60 timing idealTree:node_modules/@types/react Completed in 6ms
61 timing idealTree:node_modules/@types/prop-types Completed in 0ms
62 timing idealTree:node_modules/@types/react-dom Completed in 0ms
63 timing idealTree:node_modules/@types/scheduler Completed in 0ms
64 silly placeDep ROOT @types/jest@29.2.4 OK for: @types/testing-library__jest-dom@5.14.5 want: *
65 silly fetch manifest expect@^29.0.0
66 silly fetch manifest pretty-format@^29.0.0
67 http fetch GET 200 https://registry.npmjs.org/pretty-format 66ms (cache revalidated)
68 http fetch GET 200 https://registry.npmjs.org/expect 69ms (cache revalidated)
69 timing idealTree:node_modules/@types/testing-library__jest-dom Completed in 74ms
70 silly placeDep ROOT expect@29.3.1 OK for: @types/jest@29.2.4 want: ^29.0.0
71 silly placeDep ROOT pretty-format@29.3.1 OK for: @types/jest@29.2.4 want: ^29.0.0
72 silly fetch manifest @jest/expect-utils@^29.3.1
73 silly fetch manifest jest-get-type@^29.2.0
74 silly fetch manifest jest-matcher-utils@^29.3.1
75 silly fetch manifest jest-message-util@^29.3.1
76 silly fetch manifest jest-util@^29.3.1
77 silly fetch manifest @jest/schemas@^29.0.0
78 silly fetch manifest ansi-styles@^5.0.0
79 silly fetch manifest react-is@^18.0.0
80 http fetch GET 200 https://registry.npmjs.org/jest-util 79ms (cache revalidated)
81 http fetch GET 200 https://registry.npmjs.org/jest-get-type 84ms (cache revalidated)
82 http fetch GET 200 https://registry.npmjs.org/jest-message-util 87ms (cache revalidated)
83 http fetch GET 200 https://registry.npmjs.org/@jest%2fschemas 116ms (cache revalidated)
84 http fetch GET 200 https://registry.npmjs.org/react-is 163ms (cache revalidated)
85 http fetch GET 200 https://registry.npmjs.org/jest-matcher-utils 185ms (cache revalidated)
86 http fetch GET 200 https://registry.npmjs.org/ansi-styles 188ms (cache revalidated)
87 http fetch GET 200 https://registry.npmjs.org/@jest%2fexpect-utils 235ms (cache revalidated)
88 timing idealTree:node_modules/@types/jest Completed in 241ms
89 timing idealTree:node_modules/csstype Completed in 0ms
90 silly placeDep ROOT @jest/expect-utils@29.3.1 OK for: expect@29.3.1 want: ^29.3.1
91 silly placeDep ROOT jest-get-type@29.2.0 OK for: expect@29.3.1 want: ^29.2.0
92 silly placeDep ROOT jest-matcher-utils@29.3.1 OK for: expect@29.3.1 want: ^29.3.1
93 silly placeDep ROOT jest-message-util@29.3.1 OK for: expect@29.3.1 want: ^29.3.1
94 silly placeDep ROOT jest-util@29.3.1 OK for: expect@29.3.1 want: ^29.3.1
95 silly fetch manifest chalk@^4.0.0
96 silly fetch manifest jest-diff@^29.3.1
97 silly fetch manifest @babel/code-frame@^7.12.13
98 silly fetch manifest @jest/types@^29.3.1
99 silly fetch manifest @types/stack-utils@^2.0.0
100 silly fetch manifest graceful-fs@^4.2.9
101 silly fetch manifest micromatch@^4.0.4
102 silly fetch manifest slash@^3.0.0
103 silly fetch manifest stack-utils@^2.0.3
104 silly fetch manifest @types/node@*
105 silly fetch manifest ci-info@^3.2.0
106 silly fetch manifest picomatch@^2.2.3
107 http fetch GET 200 https://registry.npmjs.org/stack-utils 54ms (cache revalidated)
108 http fetch GET 200 https://registry.npmjs.org/graceful-fs 59ms (cache revalidated)
109 http fetch GET 200 https://registry.npmjs.org/chalk 68ms (cache revalidated)
110 http fetch GET 200 https://registry.npmjs.org/ci-info 76ms (cache revalidated)
111 http fetch GET 200 https://registry.npmjs.org/picomatch 73ms (cache revalidated)
112 http fetch GET 200 https://registry.npmjs.org/slash 90ms (cache revalidated)
113 http fetch GET 200 https://registry.npmjs.org/@types%2fstack-utils 105ms (cache revalidated)
114 http fetch GET 200 https://registry.npmjs.org/@babel%2fcode-frame 127ms (cache revalidated)
115 http fetch GET 200 https://registry.npmjs.org/micromatch 176ms (cache revalidated)
116 http fetch GET 200 https://registry.npmjs.org/@types%2fnode 176ms (cache revalidated)
117 http fetch GET 200 https://registry.npmjs.org/@jest%2ftypes 194ms (cache revalidated)
118 http fetch GET 200 https://registry.npmjs.org/jest-diff 195ms (cache revalidated)
119 timing idealTree:node_modules/expect Completed in 203ms
120 timing idealTree:node_modules/@jest/expect-utils Completed in 1ms
121 timing idealTree:node_modules/jest-get-type Completed in 0ms
122 silly placeDep ROOT chalk@4.1.2 OK for: jest-matcher-utils@29.3.1 want: ^4.0.0
123 silly placeDep ROOT jest-diff@29.3.1 OK for: jest-matcher-utils@29.3.1 want: ^29.3.1
124 silly fetch manifest ansi-styles@^4.1.0
125 silly fetch manifest supports-color@^7.1.0
126 silly fetch manifest diff-sequences@^29.3.1
127 http fetch GET 200 https://registry.npmjs.org/diff-sequences 43ms (cache revalidated)
128 http fetch GET 200 https://registry.npmjs.org/supports-color 57ms (cache revalidated)
129 timing idealTree:node_modules/jest-matcher-utils Completed in 59ms
130 silly placeDep ROOT ansi-styles@4.3.0 OK for: chalk@4.1.2 want: ^4.1.0
131 silly placeDep ROOT supports-color@7.2.0 OK for: chalk@4.1.2 want: ^7.1.0
132 silly fetch manifest color-convert@^2.0.1
133 silly fetch manifest has-flag@^4.0.0
134 http fetch GET 200 https://registry.npmjs.org/has-flag 41ms (cache revalidated)
135 http fetch GET 200 https://registry.npmjs.org/color-convert 43ms (cache revalidated)
136 timing idealTree:node_modules/chalk Completed in 46ms
137 silly placeDep ROOT color-convert@2.0.1 OK for: ansi-styles@4.3.0 want: ^2.0.1
138 silly fetch manifest color-name@~1.1.4
139 http fetch GET 200 https://registry.npmjs.org/color-name 45ms (cache revalidated)
140 timing idealTree:node_modules/ansi-styles Completed in 47ms
141 silly placeDep ROOT color-name@1.1.4 OK for: color-convert@2.0.1 want: ~1.1.4
142 timing idealTree:node_modules/color-convert Completed in 1ms
143 timing idealTree:node_modules/color-name Completed in 0ms
144 silly placeDep ROOT diff-sequences@29.3.1 OK for: jest-diff@29.3.1 want: ^29.3.1
145 timing idealTree:node_modules/jest-diff Completed in 1ms
146 timing idealTree:node_modules/diff-sequences Completed in 0ms
147 silly placeDep ROOT @babel/code-frame@7.18.6 OK for: jest-message-util@29.3.1 want: ^7.12.13
148 silly placeDep ROOT @jest/types@29.3.1 OK for: jest-message-util@29.3.1 want: ^29.3.1
149 silly placeDep ROOT @types/stack-utils@2.0.1 OK for: jest-message-util@29.3.1 want: ^2.0.0
150 silly placeDep ROOT graceful-fs@4.2.10 OK for: jest-message-util@29.3.1 want: ^4.2.9
151 silly placeDep ROOT micromatch@4.0.5 OK for: jest-message-util@29.3.1 want: ^4.0.4
152 silly placeDep ROOT slash@3.0.0 OK for: jest-message-util@29.3.1 want: ^3.0.0
153 silly placeDep ROOT stack-utils@2.0.6 OK for: jest-message-util@29.3.1 want: ^2.0.3
154 silly fetch manifest @babel/highlight@^7.18.6
155 silly fetch manifest @types/istanbul-lib-coverage@^2.0.0
156 silly fetch manifest @types/istanbul-reports@^3.0.0
157 silly fetch manifest @types/yargs@^17.0.8
158 silly fetch manifest braces@^3.0.2
159 silly fetch manifest picomatch@^2.3.1
160 silly fetch manifest escape-string-regexp@^2.0.0
161 http fetch GET 200 https://registry.npmjs.org/braces 56ms (cache revalidated)
162 http fetch GET 200 https://registry.npmjs.org/@types%2fyargs 73ms (cache revalidated)
163 http fetch GET 200 https://registry.npmjs.org/@babel%2fhighlight 75ms (cache revalidated)
164 http fetch GET 200 https://registry.npmjs.org/escape-string-regexp 105ms (cache revalidated)
165 http fetch GET 200 https://registry.npmjs.org/@types%2fistanbul-lib-coverage 108ms (cache revalidated)
166 http fetch GET 200 https://registry.npmjs.org/@types%2fistanbul-reports 185ms (cache revalidated)
167 timing idealTree:node_modules/jest-message-util Completed in 191ms
168 silly placeDep ROOT @babel/highlight@7.18.6 OK for: @babel/code-frame@7.18.6 want: ^7.18.6
169 silly fetch manifest @babel/helper-validator-identifier@^7.18.6
170 silly fetch manifest chalk@^2.0.0
171 silly fetch manifest js-tokens@^4.0.0
172 http fetch GET 200 https://registry.npmjs.org/@babel%2fhelper-validator-identifier 76ms (cache revalidated)
173 http fetch GET 200 https://registry.npmjs.org/js-tokens 98ms (cache revalidated)
174 timing idealTree:node_modules/@babel/code-frame Completed in 101ms
175 silly placeDep ROOT @babel/helper-validator-identifier@7.19.1 OK for: @babel/highlight@7.18.6 want: ^7.18.6
176 silly placeDep node_modules/@babel/highlight chalk@2.4.2 OK for: @babel/highlight@7.18.6 want: ^2.0.0
177 silly placeDep ROOT js-tokens@4.0.0 OK for: @babel/highlight@7.18.6 want: ^4.0.0
178 silly fetch manifest ansi-styles@^3.2.1
179 silly fetch manifest escape-string-regexp@^1.0.5
180 silly fetch manifest supports-color@^5.3.0
181 timing idealTree:node_modules/@babel/highlight Completed in 3ms
182 timing idealTree:node_modules/@babel/helper-validator-identifier Completed in 0ms
183 silly placeDep ROOT @jest/schemas@29.0.0 OK for: @jest/types@29.3.1 want: ^29.0.0
184 silly placeDep ROOT @types/istanbul-lib-coverage@2.0.4 OK for: @jest/types@29.3.1 want: ^2.0.0
185 silly placeDep ROOT @types/istanbul-reports@3.0.1 OK for: @jest/types@29.3.1 want: ^3.0.0
186 silly placeDep ROOT @types/node@18.11.15 OK for: @jest/types@29.3.1 want: *
187 silly placeDep ROOT @types/yargs@17.0.17 OK for: @jest/types@29.3.1 want: ^17.0.8
188 silly fetch manifest @sinclair/typebox@^0.24.1
189 silly fetch manifest @types/istanbul-lib-report@*
190 silly fetch manifest @types/yargs-parser@*
191 http fetch GET 200 https://registry.npmjs.org/@types%2fyargs-parser 80ms (cache revalidated)
192 http fetch GET 200 https://registry.npmjs.org/@types%2fistanbul-lib-report 92ms (cache revalidated)
193 http fetch GET 200 https://registry.npmjs.org/@sinclair%2ftypebox 222ms (cache revalidated)
194 timing idealTree:node_modules/@jest/types Completed in 227ms
195 silly placeDep ROOT @sinclair/typebox@0.24.51 OK for: @jest/schemas@29.0.0 want: ^0.24.1
196 timing idealTree:node_modules/@jest/schemas Completed in 1ms
197 timing idealTree:node_modules/@sinclair/typebox Completed in 0ms
198 timing idealTree:node_modules/@types/istanbul-lib-coverage Completed in 0ms
199 silly placeDep ROOT @types/istanbul-lib-report@3.0.0 OK for: @types/istanbul-reports@3.0.1 want: *
200 timing idealTree:node_modules/@types/istanbul-reports Completed in 1ms
201 timing idealTree:node_modules/@types/istanbul-lib-report Completed in 0ms
202 timing idealTree:node_modules/@types/node Completed in 0ms
203 timing idealTree:node_modules/@types/stack-utils Completed in 0ms
204 silly placeDep ROOT @types/yargs-parser@21.0.0 OK for: @types/yargs@17.0.17 want: *
205 timing idealTree:node_modules/@types/yargs Completed in 1ms
206 timing idealTree:node_modules/@types/yargs-parser Completed in 0ms
207 timing idealTree:node_modules/graceful-fs Completed in 0ms
208 silly placeDep ROOT ci-info@3.7.0 OK for: jest-util@29.3.1 want: ^3.2.0
209 silly placeDep ROOT picomatch@2.3.1 OK for: jest-util@29.3.1 want: ^2.2.3
210 timing idealTree:node_modules/jest-util Completed in 1ms
211 timing idealTree:node_modules/ci-info Completed in 0ms
212 timing idealTree:node_modules/js-tokens Completed in 0ms
213 silly placeDep ROOT braces@3.0.2 OK for: micromatch@4.0.5 want: ^3.0.2
214 silly fetch manifest fill-range@^7.0.1
215 http fetch GET 200 https://registry.npmjs.org/fill-range 55ms (cache revalidated)
216 timing idealTree:node_modules/micromatch Completed in 56ms
217 silly placeDep ROOT fill-range@7.0.1 OK for: braces@3.0.2 want: ^7.0.1
218 silly fetch manifest to-regex-range@^5.0.1
219 http fetch GET 200 https://registry.npmjs.org/to-regex-range 87ms (cache revalidated)
220 timing idealTree:node_modules/braces Completed in 91ms
221 silly placeDep ROOT to-regex-range@5.0.1 OK for: fill-range@7.0.1 want: ^5.0.1
222 silly fetch manifest is-number@^7.0.0
223 http fetch GET 200 https://registry.npmjs.org/is-number 133ms (cache revalidated)
224 timing idealTree:node_modules/fill-range Completed in 136ms
225 timing idealTree:node_modules/picomatch Completed in 0ms
226 silly placeDep node_modules/pretty-format ansi-styles@5.2.0 OK for: pretty-format@29.3.1 want: ^5.0.0
227 silly placeDep ROOT react-is@18.2.0 OK for: pretty-format@29.3.1 want: ^18.0.0
228 timing idealTree:node_modules/pretty-format Completed in 1ms
229 timing idealTree:node_modules/react-is Completed in 0ms
230 timing idealTree:node_modules/slash Completed in 0ms
231 silly placeDep ROOT escape-string-regexp@2.0.0 OK for: stack-utils@2.0.6 want: ^2.0.0
232 timing idealTree:node_modules/stack-utils Completed in 1ms
233 timing idealTree:node_modules/escape-string-regexp Completed in 0ms
234 silly placeDep ROOT has-flag@4.0.0 OK for: supports-color@7.2.0 want: ^4.0.0
235 timing idealTree:node_modules/supports-color Completed in 1ms
236 timing idealTree:node_modules/has-flag Completed in 0ms
237 silly placeDep ROOT is-number@7.0.0 OK for: to-regex-range@5.0.1 want: ^7.0.0
238 timing idealTree:node_modules/to-regex-range Completed in 0ms
239 timing idealTree:node_modules/is-number Completed in 0ms
240 silly placeDep node_modules/@babel/highlight ansi-styles@3.2.1 OK for: chalk@2.4.2 want: ^3.2.1
241 silly placeDep node_modules/@babel/highlight escape-string-regexp@1.0.5 OK for: chalk@2.4.2 want: ^1.0.5
242 silly placeDep node_modules/@babel/highlight supports-color@5.5.0 OK for: chalk@2.4.2 want: ^5.3.0
243 silly fetch manifest color-convert@^1.9.0
244 silly fetch manifest has-flag@^3.0.0
245 timing idealTree:node_modules/@babel/highlight/node_modules/chalk Completed in 6ms
246 silly placeDep node_modules/@babel/highlight color-convert@1.9.3 OK for: ansi-styles@3.2.1 want: ^1.9.0
247 silly fetch manifest color-name@1.1.3
248 timing idealTree:node_modules/@babel/highlight/node_modules/ansi-styles Completed in 2ms
249 silly placeDep node_modules/@babel/highlight color-name@1.1.3 OK for: color-convert@1.9.3 want: 1.1.3
250 timing idealTree:node_modules/@babel/highlight/node_modules/color-convert Completed in 1ms
251 timing idealTree:node_modules/@babel/highlight/node_modules/color-name Completed in 0ms
252 timing idealTree:node_modules/@babel/highlight/node_modules/escape-string-regexp Completed in 0ms
253 silly placeDep node_modules/@babel/highlight has-flag@3.0.0 OK for: supports-color@5.5.0 want: ^3.0.0
254 timing idealTree:node_modules/@babel/highlight/node_modules/supports-color Completed in 0ms
255 timing idealTree:node_modules/@babel/highlight/node_modules/has-flag Completed in 0ms
256 timing idealTree:node_modules/pretty-format/node_modules/ansi-styles Completed in 0ms
257 timing idealTree:buildDeps Completed in 1670ms
258 timing idealTree:fixDepFlags Completed in 0ms
259 timing idealTree Completed in 1908ms
260 timing reify:loadTrees Completed in 1908ms
261 timing reify:diffTrees Completed in 2ms
262 silly reify moves {}
263 timing reify:retireShallow Completed in 0ms
264 timing reify:createSparse Completed in 15ms
265 timing reify:loadBundles Completed in 0ms
266 silly audit bulk request {
266 silly audit   'types-registry': [ '0.1.622' ],
266 silly audit   '@types/react': [ '18.0.26' ],
266 silly audit   '@types/react-dom': [ '18.0.9' ],
266 silly audit   '@types/testing-library__jest-dom': [ '5.14.5' ],
266 silly audit   '@types/prop-types': [ '15.7.5' ],
266 silly audit   '@types/scheduler': [ '0.16.2' ],
266 silly audit   csstype: [ '3.1.1' ],
266 silly audit   '@types/jest': [ '29.2.4' ],
266 silly audit   expect: [ '29.3.1' ],
266 silly audit   'pretty-format': [ '29.3.1' ],
266 silly audit   '@jest/expect-utils': [ '29.3.1' ],
266 silly audit   'jest-get-type': [ '29.2.0' ],
266 silly audit   'jest-matcher-utils': [ '29.3.1' ],
266 silly audit   'jest-message-util': [ '29.3.1' ],
266 silly audit   'jest-util': [ '29.3.1' ],
266 silly audit   chalk: [ '4.1.2', '2.4.2' ],
266 silly audit   'jest-diff': [ '29.3.1' ],
266 silly audit   'ansi-styles': [ '4.3.0', '5.2.0', '3.2.1' ],
266 silly audit   'supports-color': [ '7.2.0', '5.5.0' ],
266 silly audit   'color-convert': [ '2.0.1', '1.9.3' ],
266 silly audit   'color-name': [ '1.1.4', '1.1.3' ],
266 silly audit   'diff-sequences': [ '29.3.1' ],
266 silly audit   '@babel/code-frame': [ '7.18.6' ],
266 silly audit   '@jest/types': [ '29.3.1' ],
266 silly audit   '@types/stack-utils': [ '2.0.1' ],
266 silly audit   'graceful-fs': [ '4.2.10' ],
266 silly audit   micromatch: [ '4.0.5' ],
266 silly audit   slash: [ '3.0.0' ],
266 silly audit   'stack-utils': [ '2.0.6' ],
266 silly audit   '@babel/highlight': [ '7.18.6' ],
266 silly audit   '@babel/helper-validator-identifier': [ '7.19.1' ],
266 silly audit   'js-tokens': [ '4.0.0' ],
266 silly audit   '@jest/schemas': [ '29.0.0' ],
266 silly audit   '@types/istanbul-lib-coverage': [ '2.0.4' ],
266 silly audit   '@types/istanbul-reports': [ '3.0.1' ],
266 silly audit   '@types/node': [ '18.11.15' ],
266 silly audit   '@types/yargs': [ '17.0.17' ],
266 silly audit   '@sinclair/typebox': [ '0.24.51' ],
266 silly audit   '@types/istanbul-lib-report': [ '3.0.0' ],
266 silly audit   '@types/yargs-parser': [ '21.0.0' ],
266 silly audit   'ci-info': [ '3.7.0' ],
266 silly audit   picomatch: [ '2.3.1' ],
266 silly audit   braces: [ '3.0.2' ],
266 silly audit   'fill-range': [ '7.0.1' ],
266 silly audit   'to-regex-range': [ '5.0.1' ],
266 silly audit   'react-is': [ '18.2.0' ],
266 silly audit   'escape-string-regexp': [ '2.0.0', '1.0.5' ],
266 silly audit   'has-flag': [ '4.0.0', '3.0.0' ],
266 silly audit   'is-number': [ '7.0.0' ]
266 silly audit }
267 http fetch POST 200 https://registry.npmjs.org/-/npm/v1/security/advisories/bulk 252ms
268 timing auditReport:getReport Completed in 255ms
269 silly audit report {}
270 timing auditReport:init Completed in 0ms
271 timing reify:audit Completed in 255ms
272 timing reifyNode:node_modules/is-number Completed in 258ms
273 timing reifyNode:node_modules/@types/yargs-parser Completed in 258ms
274 timing reifyNode:node_modules/@types/istanbul-reports Completed in 258ms
275 timing reifyNode:node_modules/@types/istanbul-lib-report Completed in 259ms
276 timing reifyNode:node_modules/@types/istanbul-lib-coverage Completed in 258ms
277 timing reifyNode:node_modules/@types/stack-utils Completed in 259ms
278 timing reifyNode:node_modules/color-name Completed in 259ms
279 timing reifyNode:node_modules/@types/prop-types Completed in 260ms
280 timing reifyNode:node_modules/@babel/highlight/node_modules/has-flag Completed in 262ms
281 timing reifyNode:node_modules/@babel/highlight/node_modules/ansi-styles Completed in 263ms
282 timing reifyNode:node_modules/@babel/highlight/node_modules/escape-string-regexp Completed in 263ms
283 timing reifyNode:node_modules/has-flag Completed in 264ms
284 timing reifyNode:node_modules/escape-string-regexp Completed in 264ms
285 timing reifyNode:node_modules/fill-range Completed in 264ms
286 timing reifyNode:node_modules/to-regex-range Completed in 264ms
287 timing reifyNode:node_modules/@babel/highlight Completed in 264ms
288 timing reifyNode:node_modules/slash Completed in 264ms
289 timing reifyNode:node_modules/stack-utils Completed in 264ms
290 timing reifyNode:node_modules/@babel/code-frame Completed in 264ms
291 timing reifyNode:node_modules/supports-color Completed in 264ms
292 timing reifyNode:node_modules/jest-get-type Completed in 265ms
293 timing reifyNode:node_modules/@types/scheduler Completed in 264ms
294 timing reifyNode:node_modules/@babel/highlight/node_modules/supports-color Completed in 266ms
295 timing reifyNode:node_modules/@jest/schemas Completed in 266ms
296 timing reifyNode:node_modules/micromatch Completed in 267ms
297 timing reifyNode:node_modules/js-tokens Completed in 267ms
298 timing reifyNode:node_modules/jest-message-util Completed in 267ms
299 timing reifyNode:node_modules/ansi-styles Completed in 268ms
300 timing reifyNode:node_modules/pretty-format/node_modules/ansi-styles Completed in 269ms
301 timing reifyNode:node_modules/@types/testing-library__jest-dom Completed in 272ms
302 timing reifyNode:node_modules/@babel/highlight/node_modules/color-name Completed in 274ms
303 timing reifyNode:node_modules/graceful-fs Completed in 275ms
304 timing reifyNode:node_modules/@types/jest Completed in 275ms
305 timing reifyNode:node_modules/ci-info Completed in 278ms
306 timing reifyNode:node_modules/color-convert Completed in 277ms
307 timing reifyNode:node_modules/@babel/highlight/node_modules/color-convert Completed in 278ms
308 timing reifyNode:node_modules/@babel/highlight/node_modules/chalk Completed in 280ms
309 timing reifyNode:node_modules/diff-sequences Completed in 280ms
310 timing reifyNode:node_modules/jest-matcher-utils Completed in 281ms
311 timing reifyNode:node_modules/chalk Completed in 281ms
312 timing reifyNode:node_modules/react-is Completed in 282ms
313 timing reifyNode:node_modules/@types/yargs Completed in 281ms
314 timing reifyNode:node_modules/@jest/types Completed in 282ms
315 timing reifyNode:node_modules/@jest/expect-utils Completed in 282ms
316 timing reifyNode:node_modules/@types/react-dom Completed in 282ms
317 timing reifyNode:node_modules/braces Completed in 290ms
318 timing reifyNode:node_modules/@babel/helper-validator-identifier Completed in 289ms
319 timing reifyNode:node_modules/picomatch Completed in 292ms
320 timing reifyNode:node_modules/@types/react Completed in 294ms
321 timing reifyNode:node_modules/jest-diff Completed in 295ms
322 timing reifyNode:node_modules/expect Completed in 296ms
323 timing reifyNode:node_modules/pretty-format Completed in 296ms
324 timing reifyNode:node_modules/jest-util Completed in 297ms
325 timing reifyNode:node_modules/csstype Completed in 307ms
326 timing reifyNode:node_modules/@sinclair/typebox Completed in 310ms
327 timing reifyNode:node_modules/@types/node Completed in 336ms
328 timing reify:unpack Completed in 338ms
329 timing reify:unretire Completed in 0ms
330 timing build:queue Completed in 4ms
331 timing build:deps Completed in 4ms
332 timing build Completed in 4ms
333 timing reify:build Completed in 4ms
334 timing reify:trash Completed in 0ms
335 timing reify:save Completed in 11ms
336 timing reify Completed in 2296ms
337 silly ADD node_modules/is-number
338 silly ADD node_modules/has-flag
339 silly ADD node_modules/escape-string-regexp
340 silly ADD node_modules/react-is
341 silly ADD node_modules/to-regex-range
342 silly ADD node_modules/fill-range
343 silly ADD node_modules/braces
344 silly ADD node_modules/picomatch
345 silly ADD node_modules/ci-info
346 silly ADD node_modules/@types/yargs-parser
347 silly ADD node_modules/@types/istanbul-lib-report
348 silly ADD node_modules/@sinclair/typebox
349 silly ADD node_modules/@types/yargs
350 silly ADD node_modules/@types/node
351 silly ADD node_modules/@types/istanbul-reports
352 silly ADD node_modules/@types/istanbul-lib-coverage
353 silly ADD node_modules/@jest/schemas
354 silly ADD node_modules/js-tokens
355 silly ADD node_modules/@babel/helper-validator-identifier
356 silly ADD node_modules/@babel/highlight
357 silly ADD node_modules/@babel/highlight/node_modules/has-flag
358 silly ADD node_modules/@babel/highlight/node_modules/color-name
359 silly ADD node_modules/@babel/highlight/node_modules/color-convert
360 silly ADD node_modules/@babel/highlight/node_modules/supports-color
361 silly ADD node_modules/@babel/highlight/node_modules/escape-string-regexp
362 silly ADD node_modules/@babel/highlight/node_modules/ansi-styles
363 silly ADD node_modules/@babel/highlight/node_modules/chalk
364 silly ADD node_modules/stack-utils
365 silly ADD node_modules/slash
366 silly ADD node_modules/micromatch
367 silly ADD node_modules/graceful-fs
368 silly ADD node_modules/@types/stack-utils
369 silly ADD node_modules/@jest/types
370 silly ADD node_modules/@babel/code-frame
371 silly ADD node_modules/diff-sequences
372 silly ADD node_modules/color-name
373 silly ADD node_modules/color-convert
374 silly ADD node_modules/supports-color
375 silly ADD node_modules/ansi-styles
376 silly ADD node_modules/jest-diff
377 silly ADD node_modules/chalk
378 silly ADD node_modules/jest-util
379 silly ADD node_modules/jest-message-util
380 silly ADD node_modules/jest-matcher-utils
381 silly ADD node_modules/jest-get-type
382 silly ADD node_modules/@jest/expect-utils
383 silly ADD node_modules/pretty-format
384 silly ADD node_modules/pretty-format/node_modules/ansi-styles
385 silly ADD node_modules/expect
386 silly ADD node_modules/@types/jest
387 silly ADD node_modules/csstype
388 silly ADD node_modules/@types/scheduler
389 silly ADD node_modules/@types/prop-types
390 silly ADD node_modules/@types/testing-library__jest-dom
391 silly ADD node_modules/@types/react-dom
392 silly ADD node_modules/@types/react
393 timing command:install Completed in 2303ms
394 verbose exit 0
395 timing npm Completed in 2327ms
396 info ok
