0 verbose cli /usr/local/bin/node /usr/local/bin/npm
1 info using npm@9.2.0
2 info using node@v19.3.0
3 timing npm:load:whichnode Completed in 0ms
4 timing config:load:defaults Completed in 2ms
5 timing config:load:file:/usr/local/lib/node_modules/npm/npmrc Completed in 1ms
6 timing config:load:builtin Completed in 1ms
7 timing config:load:cli Completed in 2ms
8 timing config:load:env Completed in 1ms
9 timing config:load:file:/home/mthan/.cache/typescript/4.9/.npmrc Completed in 0ms
10 timing config:load:project Completed in 4ms
11 timing config:load:file:/home/mthan/.npmrc Completed in 0ms
12 timing config:load:user Completed in 0ms
13 timing config:load:file:/usr/local/etc/npmrc Completed in 0ms
14 timing config:load:global Completed in 0ms
15 timing config:load:setEnvs Completed in 1ms
16 timing config:load Completed in 12ms
17 timing npm:load:configload Completed in 12ms
18 timing npm:load:mkdirpcache Completed in 0ms
19 timing npm:load:mkdirplogs Completed in 1ms
20 verbose title npm install @types/testing-library__jest-dom@ts4.9 @types/react@ts4.9 @types/react-dom@ts4.9
21 verbose argv "install" "--ignore-scripts" "@types/testing-library__jest-dom@ts4.9" "@types/react@ts4.9" "@types/react-dom@ts4.9" "--save-dev" "--user-agent" "typesInstaller/4.9.4"
22 timing npm:load:setTitle Completed in 0ms
23 timing config:load:flatten Completed in 1ms
24 timing npm:load:display Completed in 2ms
25 verbose logfile logs-max:10 dir:/home/mthan/.npm/_logs/2022-12-18T23_02_27_046Z-
26 verbose logfile /home/mthan/.npm/_logs/2022-12-18T23_02_27_046Z-debug-0.log
27 timing npm:load:logFile Completed in 4ms
28 timing npm:load:timers Completed in 0ms
29 timing npm:load:configScope Completed in 0ms
30 timing npm:load Completed in 19ms
31 silly logfile start cleaning logs, removing 1 files
32 timing config:load:flatten Completed in 1ms
33 timing arborist:ctor Completed in 1ms
34 silly logfile done cleaning log files
35 timing idealTree:init Completed in 32ms
36 timing arborist:ctor Completed in 0ms
37 http fetch GET 200 https://registry.npmjs.org/@types%2ftesting-library__jest-dom 247ms (cache revalidated)
38 http fetch GET 200 https://registry.npmjs.org/@types%2freact-dom 247ms (cache revalidated)
39 http fetch GET 200 https://registry.npmjs.org/@types%2freact 278ms (cache revalidated)
40 timing idealTree:userRequests Completed in 283ms
41 silly idealTree buildDeps
42 silly fetch manifest @types/react@18.0.26
43 silly fetch manifest @types/react-dom@18.0.9
44 silly fetch manifest @types/testing-library__jest-dom@5.14.5
45 silly placeDep ROOT @types/react@18.0.26 REPLACE for:  want: 18.0.26
46 silly placeDep ROOT @types/react-dom@18.0.9 REPLACE for:  want: 18.0.9
47 silly placeDep ROOT @types/testing-library__jest-dom@5.14.5 REPLACE for:  want: 5.14.5
48 timing idealTree:#root Completed in 5ms
49 timing idealTree:node_modules/@types/react Completed in 0ms
50 timing idealTree:node_modules/@types/react-dom Completed in 0ms
51 timing idealTree:node_modules/@types/testing-library__jest-dom Completed in 0ms
52 timing idealTree:buildDeps Completed in 6ms
53 timing idealTree:fixDepFlags Completed in 0ms
54 timing idealTree Completed in 323ms
55 timing reify:loadTrees Completed in 323ms
56 timing reify:diffTrees Completed in 2ms
57 silly reify moves {}
58 timing reify:retireShallow Completed in 1ms
59 timing reify:createSparse Completed in 0ms
60 timing reify:loadBundles Completed in 0ms
61 silly audit bulk request {
61 silly audit   '@babel/code-frame': [ '7.18.6' ],
61 silly audit   '@babel/helper-validator-identifier': [ '7.19.1' ],
61 silly audit   '@babel/highlight': [ '7.18.6' ],
61 silly audit   'ansi-styles': [ '3.2.1', '4.3.0', '5.2.0' ],
61 silly audit   chalk: [ '2.4.2', '4.1.2' ],
61 silly audit   'color-convert': [ '1.9.3', '2.0.1' ],
61 silly audit   'color-name': [ '1.1.3', '1.1.4' ],
61 silly audit   'escape-string-regexp': [ '1.0.5', '2.0.0' ],
61 silly audit   'has-flag': [ '3.0.0', '4.0.0' ],
61 silly audit   'supports-color': [ '5.5.0', '7.2.0' ],
61 silly audit   '@jest/expect-utils': [ '29.3.1' ],
61 silly audit   '@jest/schemas': [ '29.0.0' ],
61 silly audit   '@jest/types': [ '29.3.1' ],
61 silly audit   '@sinclair/typebox': [ '0.24.51' ],
61 silly audit   '@types/istanbul-lib-coverage': [ '2.0.4' ],
61 silly audit   '@types/istanbul-lib-report': [ '3.0.0' ],
61 silly audit   '@types/istanbul-reports': [ '3.0.1' ],
61 silly audit   '@types/jest': [ '29.2.4' ],
61 silly audit   '@types/node': [ '18.11.15' ],
61 silly audit   '@types/prop-types': [ '15.7.5' ],
61 silly audit   '@types/scheduler': [ '0.16.2' ],
61 silly audit   '@types/stack-utils': [ '2.0.1' ],
61 silly audit   '@types/yargs': [ '17.0.17' ],
61 silly audit   '@types/yargs-parser': [ '21.0.0' ],
61 silly audit   braces: [ '3.0.2' ],
61 silly audit   'ci-info': [ '3.7.0' ],
61 silly audit   csstype: [ '3.1.1' ],
61 silly audit   'diff-sequences': [ '29.3.1' ],
61 silly audit   expect: [ '29.3.1' ],
61 silly audit   'fill-range': [ '7.0.1' ],
61 silly audit   'graceful-fs': [ '4.2.10' ],
61 silly audit   'is-number': [ '7.0.0' ],
61 silly audit   'jest-diff': [ '29.3.1' ],
61 silly audit   'jest-get-type': [ '29.2.0' ],
61 silly audit   'jest-matcher-utils': [ '29.3.1' ],
61 silly audit   'jest-message-util': [ '29.3.1' ],
61 silly audit   'jest-util': [ '29.3.1' ],
61 silly audit   'js-tokens': [ '4.0.0' ],
61 silly audit   micromatch: [ '4.0.5' ],
61 silly audit   picomatch: [ '2.3.1' ],
61 silly audit   'pretty-format': [ '29.3.1' ],
61 silly audit   'react-is': [ '18.2.0' ],
61 silly audit   slash: [ '3.0.0' ],
61 silly audit   'stack-utils': [ '2.0.6' ],
61 silly audit   'to-regex-range': [ '5.0.1' ],
61 silly audit   'types-registry': [ '0.1.623' ],
61 silly audit   '@types/react': [ '18.0.26' ],
61 silly audit   '@types/react-dom': [ '18.0.9' ],
61 silly audit   '@types/testing-library__jest-dom': [ '5.14.5' ]
61 silly audit }
62 timing reify:unpack Completed in 0ms
63 timing reify:unretire Completed in 0ms
64 timing build:queue Completed in 0ms
65 timing build:deps Completed in 0ms
66 timing build Completed in 0ms
67 timing reify:build Completed in 0ms
68 timing reify:trash Completed in 0ms
69 timing reify:save Completed in 9ms
70 http fetch POST 200 https://registry.npmjs.org/-/npm/v1/security/advisories/bulk 279ms
71 timing auditReport:getReport Completed in 283ms
72 silly audit report {}
73 timing auditReport:init Completed in 0ms
74 timing reify:audit Completed in 285ms
75 timing reify Completed in 612ms
76 timing command:install Completed in 616ms
77 verbose exit 0
78 timing npm Completed in 644ms
79 info ok
